빌드 시작: 2017-01-13 오후 6:06:45
     1>2 노드의 "D:\GraduationWork\Minsik\AnimalKingdom_Server\ServerLibrary\ServerLibrary.vcxproj" 프로젝트(Build 대상)입니다.
     1>ClCompile:
         C:\Program Files (x86)\Microsoft Visual Studio 12.0\VC\bin\x86_amd64\CL.exe /c /I"C:\Program Files (x86)\Visual Leak Detector\include" /Zi /nologo /W3 /WX- /sdl /MP /Od /D _DEBUG /D _LIB /D _UNICODE /D UNICODE /Gm- /EHsc /RTC1 /MDd /GS /fp:precise /Zc:wchar_t /Zc:forScope /Yu"stdafx.h" /Fp"x64\Debug\ServerLibrary.pch" /Fo"x64\Debug\\" /Fd"x64\Debug\vc120.pdb" /Gd /TP /errorReport:prompt Util\Task.cpp
         Task.cpp
       Lib:
         C:\Program Files (x86)\Microsoft Visual Studio 12.0\VC\bin\x86_amd64\Lib.exe /OUT:"D:\GraduationWork\Minsik\AnimalKingdom_Server\x64\Debug\ServerLibrary.lib" /LIBPATH:"C:\Program Files (x86)\Visual Leak Detector\lib\Win64" /NOLOGO /MACHINE:X64 x64\Debug\Shutdown.obj
         x64\Debug\stdafx.obj
         x64\Debug\Assert.obj
         x64\Debug\Clock.obj
         x64\Debug\Config.obj
         x64\Debug\Lock.obj
         x64\Debug\Logger.obj
         x64\Debug\Minidump.obj
         x64\Debug\Task.obj
         x64\Debug\Thread.obj
         x64\Debug\tinystr.obj
         x64\Debug\tinyxml.obj
         x64\Debug\tinyxmlerror.obj
         x64\Debug\tinyxmlparser.obj
         ServerLibrary.vcxproj -> D:\GraduationWork\Minsik\AnimalKingdom_Server\x64\Debug\ServerLibrary.lib
     1>"D:\GraduationWork\Minsik\AnimalKingdom_Server\ServerLibrary\ServerLibrary.vcxproj" 프로젝트를 빌드했습니다(Build 대상).

빌드했습니다.

경과 시간: 00:00:00.29
