빌드 시작: 2016-12-30 오후 3:16:03
     1>2 노드의 "D:\GraduationWork\Minsik\Client_PhysX\GW_Client\Client\Client.vcxproj" 프로젝트(Build 대상)입니다.
     1>ClCompile:
         C:\Program Files (x86)\Microsoft Visual Studio 14.0\VC\bin\x86_amd64\CL.exe /c /I../Executable/ThirdParty/SDKs/Foundation/include /I../Executable/ThirdParty/SDKs/Foundation/include/win /I../Executable/ThirdParty/SDKs/Physics/include /I../Executable/ThirdParty/SDKs/Cooking/include /I../Executable/ThirdParty/SDKs/PhysXLoader/include /I../Executable/ThirdParty/SampleCommonCode/src /I../Executable/ThirdParty/SampleCommonCode/src/win /I../Executable/ThirdParty/SDKs/NxCharacter/include /ZI /nologo /W3 /WX- /Od /D _DEBUG /D _WINDOWS /D _MBCS /Gm /EHsc /RTC1 /MDd /GS /fp:precise /Zc:wchar_t /Zc:forScope /Zc:inline /Yu"stdafx.h" /Fp"x64\Debug\Client.pch" /Fo"x64\Debug\\" /Fd"x64\Debug\vc140.pdb" /Gd /TP /errorReport:prompt PhysicsManager.cpp
         PhysicsManager.cpp
       Link:
         C:\Program Files (x86)\Microsoft Visual Studio 14.0\VC\bin\x86_amd64\link.exe /ERRORREPORT:PROMPT /OUT:"../Executable/Client.exe" /INCREMENTAL /NOLOGO /LIBPATH:../Executable/ThirdParty/SDKs/lib/win64 kernel32.lib user32.lib gdi32.lib winspool.lib comdlg32.lib advapi32.lib shell32.lib ole32.lib oleaut32.lib uuid.lib odbc32.lib odbccp32.lib NxCharacter64.lib NxCharacter64CHECKED.lib PhysXCooking64.lib PhysXCooking64CHECKED.lib PhysXCore64.lib PhysXLoader64.lib PhysXLoader64CHECKED.lib winmm.lib kernel32.lib user32.lib gdi32.lib winspool.lib comdlg32.lib advapi32.lib shell32.lib ole32.lib oleaut32.lib uuid.lib odbc32.lib odbccp32.lib /MANIFEST /MANIFESTUAC:"level='asInvoker' uiAccess='false'" /manifest:embed /Debug /PDB:"../Executable/Client.pdb" /SUBSYSTEM:WINDOWS /TLBID:1 /DYNAMICBASE /NXCOMPAT /IMPLIB:"../Executable/Client.lib" /MACHINE:X64 x64\Debug\Client.res
         x64\Debug\Base.obj
         x64\Debug\Base_Shader.obj
         x64\Debug\Camera.obj
         x64\Debug\Camera_Third.obj
         x64\Debug\Client.obj
         x64\Debug\Component.obj
         x64\Debug\Cube.obj
         x64\Debug\GameObject.obj
         x64\Debug\GraphicDev.obj
         x64\Debug\Instancing_Shader.obj
         x64\Debug\Loader.obj
         x64\Debug\MainFrm.obj
         x64\Debug\Mesh.obj
         x64\Debug\PhysicsManager.obj
         x64\Debug\Player.obj
         x64\Debug\Point.obj
         x64\Debug\Renderer.obj
         x64\Debug\RenderState.obj
         x64\Debug\ResourceMgr.obj
         x64\Debug\Scene.obj
         x64\Debug\Scene_Logo.obj
         x64\Debug\Scene_Stage.obj
         x64\Debug\Shader.obj
         x64\Debug\ShaderMgr.obj
         x64\Debug\SingleTexture.obj
         x64\Debug\stdafx.obj
         x64\Debug\Terrain.obj
         x64\Debug\Texture.obj
         x64\Debug\Timer.obj
         x64\Debug\Transform.obj
         Client.vcxproj -> D:\GraduationWork\Minsik\Client_PhysX\GW_Client\Client\../Executable/Client.exe
     1>"D:\GraduationWork\Minsik\Client_PhysX\GW_Client\Client\Client.vcxproj" 프로젝트를 빌드했습니다(Build 대상).

빌드했습니다.

경과 시간: 00:00:00.69
