빌드 시작: 2016-12-27 오후 10:35:12
     1>2 노드의 "D:\GraduationWork\SM\00 Client\GW_Client\Client\Client.vcxproj" 프로젝트(Build 대상)입니다.
     1>FxCompile:
         C:\Program Files (x86)\Windows Kits\8.1\bin\x86\fxc.exe /nologo /E"VS" /T fx_5_0 /Fo "../Executable/Shader_Cube.cso" /Od /Zi ..\Executable\Resources\Shader\Shader_Cube.fx 
     1>FXC : warning X4717: Effects deprecated for D3DCompiler_47
         
         compilation object save succeeded; see D:\GraduationWork\SM\00 Client\GW_Client\Executable\Shader_Cube.cso
         C:\Program Files (x86)\Windows Kits\8.1\bin\x86\fxc.exe /nologo /E"VS" /T fx_5_0 /Fo "../Executable/Shader_Directional.cso" /Od /Zi ..\Executable\Resources\Shader\Shader_Directional.fx 
     1>FXC : warning X4717: Effects deprecated for D3DCompiler_47
         
         compilation object save succeeded; see D:\GraduationWork\SM\00 Client\GW_Client\Executable\Shader_Directional.cso
         C:\Program Files (x86)\Windows Kits\8.1\bin\x86\fxc.exe /nologo /E"VS" /T fx_5_0 /Fo "../Executable/Shader_Terrain.cso" /Od /Zi ..\Executable\Resources\Shader\Shader_Terrain.fx 
     1>FXC : warning X4717: Effects deprecated for D3DCompiler_47
         
         compilation object save succeeded; see D:\GraduationWork\SM\00 Client\GW_Client\Executable\Shader_Terrain.cso
       ClCompile:
         C:\Program Files (x86)\Microsoft Visual Studio 14.0\VC\bin\x86_amd64\CL.exe /c /ZI /nologo /W3 /WX- /Od /D _DEBUG /D _WINDOWS /D _UNICODE /D UNICODE /Gm /EHsc /RTC1 /MDd /GS /fp:precise /Zc:wchar_t /Zc:forScope /Zc:inline /Yc"stdafx.h" /Fp"x64\Debug\Client.pch" /Fo"x64\Debug\\" /Fd"x64\Debug\vc140.pdb" /Gd /TP /errorReport:prompt stdafx.cpp
         stdafx.cpp
         C:\Program Files (x86)\Microsoft Visual Studio 14.0\VC\bin\x86_amd64\CL.exe /c /ZI /nologo /W3 /WX- /Od /D _DEBUG /D _WINDOWS /D _UNICODE /D UNICODE /Gm /EHsc /RTC1 /MDd /GS /fp:precise /Zc:wchar_t /Zc:forScope /Zc:inline /Yu"stdafx.h" /Fp"x64\Debug\Client.pch" /Fo"x64\Debug\\" /Fd"x64\Debug\vc140.pdb" /Gd /TP /errorReport:prompt Base.cpp Base_Shader.cpp Camera.cpp Camera_Third.cpp Client.cpp Component.cpp Cube.cpp GameObject.cpp GraphicDev.cpp Instancing_Shader.cpp Loader.cpp MainFrm.cpp Mesh.cpp Player.cpp Point.cpp Renderer.cpp RenderState.cpp ResourceMgr.cpp Scene.cpp Scene_Logo.cpp Scene_Stage.cpp Shader.cpp ShaderMgr.cpp SingleTexture.cpp Terrain.cpp Texture.cpp Timer.cpp Transform.cpp
         Transform.cpp
         Timer.cpp
         Texture.cpp
         Terrain.cpp
         SingleTexture.cpp
         ShaderMgr.cpp
         Shader.cpp
         Scene_Stage.cpp
         Scene_Logo.cpp
         Scene.cpp
         ResourceMgr.cpp
         RenderState.cpp
         Renderer.cpp
         Point.cpp
         Player.cpp
         Mesh.cpp
         MainFrm.cpp
         Loader.cpp
         Instancing_Shader.cpp
         GraphicDev.cpp
         코드를 생성하고 있습니다...
         컴파일하고 있습니다...
         GameObject.cpp
         Cube.cpp
         Component.cpp
         Client.cpp
         Camera_Third.cpp
         Camera.cpp
         Base_Shader.cpp
         Base.cpp
         코드를 생성하고 있습니다...
       ResourceCompile:
         C:\Program Files (x86)\Windows Kits\8.1\bin\x86\rc.exe /D _UNICODE /D UNICODE /l"0x0409" /nologo /fo"x64\Debug\Client.res" Client.rc 
       Link:
         C:\Program Files (x86)\Microsoft Visual Studio 14.0\VC\bin\x86_amd64\link.exe /ERRORREPORT:PROMPT /OUT:"../Executable/Client.exe" /INCREMENTAL /NOLOGO kernel32.lib user32.lib gdi32.lib winspool.lib comdlg32.lib advapi32.lib shell32.lib ole32.lib oleaut32.lib uuid.lib odbc32.lib odbccp32.lib d3d11.lib d3dx11.lib d3dx11d.lib d3dcompiler.lib d3dx9.lib d3dx9d.lib dxerr.lib dxguid.lib dxgi.lib winmm.lib kernel32.lib user32.lib gdi32.lib winspool.lib comdlg32.lib advapi32.lib shell32.lib ole32.lib oleaut32.lib uuid.lib odbc32.lib odbccp32.lib /MANIFEST /MANIFESTUAC:"level='asInvoker' uiAccess='false'" /manifest:embed /Debug /PDB:"../Executable/Client.pdb" /SUBSYSTEM:WINDOWS /TLBID:1 /DYNAMICBASE /NXCOMPAT /IMPLIB:"../Executable/Client.lib" /MACHINE:X64 x64\Debug\Client.res
         x64\Debug\Base.obj
         x64\Debug\Base_Shader.obj
         x64\Debug\Camera.obj
         x64\Debug\Camera_Third.obj
         x64\Debug\Client.obj
         x64\Debug\Component.obj
         x64\Debug\Cube.obj
         x64\Debug\GameObject.obj
         x64\Debug\GraphicDev.obj
         x64\Debug\Instancing_Shader.obj
         x64\Debug\Loader.obj
         x64\Debug\MainFrm.obj
         x64\Debug\Mesh.obj
         x64\Debug\Player.obj
         x64\Debug\Point.obj
         x64\Debug\Renderer.obj
         x64\Debug\RenderState.obj
         x64\Debug\ResourceMgr.obj
         x64\Debug\Scene.obj
         x64\Debug\Scene_Logo.obj
         x64\Debug\Scene_Stage.obj
         x64\Debug\Shader.obj
         x64\Debug\ShaderMgr.obj
         x64\Debug\SingleTexture.obj
         x64\Debug\stdafx.obj
         x64\Debug\Terrain.obj
         x64\Debug\Texture.obj
         x64\Debug\Timer.obj
         x64\Debug\Transform.obj
         Client.vcxproj -> D:\GraduationWork\SM\00 Client\GW_Client\Client\../Executable/Client.exe
     1>"D:\GraduationWork\SM\00 Client\GW_Client\Client\Client.vcxproj" 프로젝트를 빌드했습니다(Build 대상).

빌드했습니다.

경과 시간: 00:00:06.13
