c:\users\jsm81\desktop\gw_git\sm\00 client\gw_client\client\x64\debug\client.pch
c:\users\jsm81\desktop\gw_git\sm\00 client\gw_client\client\x64\debug\vc140.pdb
c:\users\jsm81\desktop\gw_git\sm\00 client\gw_client\client\x64\debug\vc140.idb
c:\users\jsm81\desktop\gw_git\sm\00 client\gw_client\client\x64\debug\stdafx.obj
c:\users\jsm81\desktop\gw_git\sm\00 client\gw_client\client\x64\debug\graphicdev.obj
c:\users\jsm81\desktop\gw_git\sm\00 client\gw_client\client\x64\debug\instancing_shader.obj
c:\users\jsm81\desktop\gw_git\sm\00 client\gw_client\client\x64\debug\loader.obj
c:\users\jsm81\desktop\gw_git\sm\00 client\gw_client\client\x64\debug\mainfrm.obj
c:\users\jsm81\desktop\gw_git\sm\00 client\gw_client\client\x64\debug\mesh.obj
c:\users\jsm81\desktop\gw_git\sm\00 client\gw_client\client\x64\debug\physicsmgr.obj
c:\users\jsm81\desktop\gw_git\sm\00 client\gw_client\client\x64\debug\player.obj
c:\users\jsm81\desktop\gw_git\sm\00 client\gw_client\client\x64\debug\point.obj
c:\users\jsm81\desktop\gw_git\sm\00 client\gw_client\client\x64\debug\renderer.obj
c:\users\jsm81\desktop\gw_git\sm\00 client\gw_client\client\x64\debug\renderstate.obj
c:\users\jsm81\desktop\gw_git\sm\00 client\gw_client\client\x64\debug\resourcemgr.obj
c:\users\jsm81\desktop\gw_git\sm\00 client\gw_client\client\x64\debug\scene.obj
c:\users\jsm81\desktop\gw_git\sm\00 client\gw_client\client\x64\debug\scene_logo.obj
c:\users\jsm81\desktop\gw_git\sm\00 client\gw_client\client\x64\debug\scene_stage.obj
c:\users\jsm81\desktop\gw_git\sm\00 client\gw_client\client\x64\debug\shader.obj
c:\users\jsm81\desktop\gw_git\sm\00 client\gw_client\client\x64\debug\shadermgr.obj
c:\users\jsm81\desktop\gw_git\sm\00 client\gw_client\client\x64\debug\singletexture.obj
c:\users\jsm81\desktop\gw_git\sm\00 client\gw_client\client\x64\debug\terrain.obj
c:\users\jsm81\desktop\gw_git\sm\00 client\gw_client\client\x64\debug\texture.obj
c:\users\jsm81\desktop\gw_git\sm\00 client\gw_client\client\x64\debug\timer.obj
c:\users\jsm81\desktop\gw_git\sm\00 client\gw_client\client\x64\debug\base.obj
c:\users\jsm81\desktop\gw_git\sm\00 client\gw_client\client\x64\debug\base_shader.obj
c:\users\jsm81\desktop\gw_git\sm\00 client\gw_client\client\x64\debug\camera.obj
c:\users\jsm81\desktop\gw_git\sm\00 client\gw_client\client\x64\debug\camera_third.obj
c:\users\jsm81\desktop\gw_git\sm\00 client\gw_client\client\x64\debug\client.obj
c:\users\jsm81\desktop\gw_git\sm\00 client\gw_client\client\x64\debug\component.obj
c:\users\jsm81\desktop\gw_git\sm\00 client\gw_client\client\x64\debug\cube.obj
c:\users\jsm81\desktop\gw_git\sm\00 client\gw_client\client\x64\debug\gameobject.obj
c:\users\jsm81\desktop\gw_git\sm\00 client\gw_client\client\x64\debug\actorshape.obj
c:\users\jsm81\desktop\gw_git\sm\00 client\gw_client\executable\shader_cube.cso
c:\users\jsm81\desktop\gw_git\sm\00 client\gw_client\executable\shader_directional.cso
c:\users\jsm81\desktop\gw_git\sm\00 client\gw_client\executable\shader_terrain.cso
c:\users\jsm81\desktop\gw_git\sm\00 client\gw_client\executable\shader_debug.cso
c:\users\jsm81\desktop\gw_git\sm\00 client\gw_client\executable\client.ilk
c:\users\jsm81\desktop\gw_git\sm\00 client\gw_client\executable\client.exe
c:\users\jsm81\desktop\gw_git\sm\00 client\gw_client\executable\client.pdb
c:\users\jsm81\desktop\gw_git\sm\00 client\gw_client\client\x64\debug\client.res
c:\users\jsm81\desktop\gw_git\sm\00 client\gw_client\client\../executable/client.exe
c:\users\jsm81\desktop\gw_git\sm\00 client\gw_client\client\x64\debug\client.tlog\cl.command.1.tlog
c:\users\jsm81\desktop\gw_git\sm\00 client\gw_client\client\x64\debug\client.tlog\cl.read.1.tlog
c:\users\jsm81\desktop\gw_git\sm\00 client\gw_client\client\x64\debug\client.tlog\cl.write.1.tlog
c:\users\jsm81\desktop\gw_git\sm\00 client\gw_client\client\x64\debug\client.tlog\client.write.1u.tlog
c:\users\jsm81\desktop\gw_git\sm\00 client\gw_client\client\x64\debug\client.tlog\fxc.command.1.tlog
c:\users\jsm81\desktop\gw_git\sm\00 client\gw_client\client\x64\debug\client.tlog\fxc.read.1.tlog
c:\users\jsm81\desktop\gw_git\sm\00 client\gw_client\client\x64\debug\client.tlog\fxc.write.1.tlog
c:\users\jsm81\desktop\gw_git\sm\00 client\gw_client\client\x64\debug\client.tlog\link.command.1.tlog
c:\users\jsm81\desktop\gw_git\sm\00 client\gw_client\client\x64\debug\client.tlog\link.read.1.tlog
c:\users\jsm81\desktop\gw_git\sm\00 client\gw_client\client\x64\debug\client.tlog\link.write.1.tlog
c:\users\jsm81\desktop\gw_git\sm\00 client\gw_client\client\x64\debug\client.tlog\rc.command.1.tlog
c:\users\jsm81\desktop\gw_git\sm\00 client\gw_client\client\x64\debug\client.tlog\rc.read.1.tlog
c:\users\jsm81\desktop\gw_git\sm\00 client\gw_client\client\x64\debug\client.tlog\rc.write.1.tlog
