빌드 시작: 2017-01-06 오전 2:00:05
     1>2 노드의 "D:\GraduationWork\Minsik\SwitchCoordinateSystem\SwitchCoordinateSystem\SwitchCoordinateSystem.vcxproj" 프로젝트(Build 대상)입니다.
     1>ClCompile:
         C:\Program Files (x86)\Microsoft Visual Studio 14.0\VC\bin\x86_amd64\CL.exe /c /ZI /nologo /W3 /WX- /Od /D _DEBUG /D _CONSOLE /D _UNICODE /D UNICODE /Gm /EHsc /RTC1 /MDd /GS /fp:precise /Zc:wchar_t /Zc:forScope /Zc:inline /Fo"x64\Debug\\" /Fd"x64\Debug\vc140.pdb" /Gd /TP /errorReport:prompt main.cpp
         main.cpp
     1>d:\graduationwork\minsik\switchcoordinatesystem\switchcoordinatesystem\main.cpp(264): warning C4996: 'sprintf': This function or variable may be unsafe. Consider using sprintf_s instead. To disable deprecation, use _CRT_SECURE_NO_WARNINGS. See online help for details.
         c:\program files (x86)\windows kits\10\include\10.0.10150.0\ucrt\stdio.h(1769): note: 'sprintf' 선언을 참조하십시오.
     1>d:\graduationwork\minsik\switchcoordinatesystem\switchcoordinatesystem\main.cpp(267): warning C4996: 'sprintf': This function or variable may be unsafe. Consider using sprintf_s instead. To disable deprecation, use _CRT_SECURE_NO_WARNINGS. See online help for details.
         c:\program files (x86)\windows kits\10\include\10.0.10150.0\ucrt\stdio.h(1769): note: 'sprintf' 선언을 참조하십시오.
     1>d:\graduationwork\minsik\switchcoordinatesystem\switchcoordinatesystem\main.cpp(346): warning C4996: 'strcpy': This function or variable may be unsafe. Consider using strcpy_s instead. To disable deprecation, use _CRT_SECURE_NO_WARNINGS. See online help for details.
         c:\program files (x86)\windows kits\10\include\10.0.10150.0\ucrt\string.h(119): note: 'strcpy' 선언을 참조하십시오.
     1>d:\graduationwork\minsik\switchcoordinatesystem\switchcoordinatesystem\main.cpp(356): warning C4996: 'sprintf': This function or variable may be unsafe. Consider using sprintf_s instead. To disable deprecation, use _CRT_SECURE_NO_WARNINGS. See online help for details.
         c:\program files (x86)\windows kits\10\include\10.0.10150.0\ucrt\stdio.h(1769): note: 'sprintf' 선언을 참조하십시오.
     1>d:\graduationwork\minsik\switchcoordinatesystem\switchcoordinatesystem\main.cpp(388): warning C4996: 'scanf': This function or variable may be unsafe. Consider using scanf_s instead. To disable deprecation, use _CRT_SECURE_NO_WARNINGS. See online help for details.
         c:\program files (x86)\windows kits\10\include\10.0.10150.0\ucrt\stdio.h(1270): note: 'scanf' 선언을 참조하십시오.
     1>d:\graduationwork\minsik\switchcoordinatesystem\switchcoordinatesystem\main.cpp(390): warning C4996: 'scanf': This function or variable may be unsafe. Consider using scanf_s instead. To disable deprecation, use _CRT_SECURE_NO_WARNINGS. See online help for details.
         c:\program files (x86)\windows kits\10\include\10.0.10150.0\ucrt\stdio.h(1270): note: 'scanf' 선언을 참조하십시오.
       Link:
         C:\Program Files (x86)\Microsoft Visual Studio 14.0\VC\bin\x86_amd64\link.exe /ERRORREPORT:PROMPT /OUT:"D:\GraduationWork\Minsik\SwitchCoordinateSystem\x64\Debug\SwitchCoordinateSystem.exe" /INCREMENTAL /NOLOGO winmm.lib kernel32.lib user32.lib gdi32.lib winspool.lib comdlg32.lib advapi32.lib shell32.lib ole32.lib oleaut32.lib uuid.lib odbc32.lib odbccp32.lib /MANIFEST /MANIFESTUAC:"level='asInvoker' uiAccess='false'" /manifest:embed /Debug /PDB:"D:\GraduationWork\Minsik\SwitchCoordinateSystem\x64\Debug\SwitchCoordinateSystem.pdb" /SUBSYSTEM:CONSOLE /TLBID:1 /DYNAMICBASE /NXCOMPAT /IMPLIB:"D:\GraduationWork\Minsik\SwitchCoordinateSystem\x64\Debug\SwitchCoordinateSystem.lib" /MACHINE:X64 x64\Debug\NXU_Asc2Bin.obj
         x64\Debug\NXU_ColladaExport.obj
         x64\Debug\NXU_ColladaImport.obj
         x64\Debug\NXU_cooking.obj
         x64\Debug\NXU_customcopy.obj
         x64\Debug\NXU_File.obj
         x64\Debug\NXU_Geometry.obj
         x64\Debug\NXU_GraphicsMesh.obj
         x64\Debug\NXU_helper.obj
         x64\Debug\NXU_hull.obj
         x64\Debug\NXU_PhysicsExport.obj
         x64\Debug\NXU_PhysicsInstantiator.obj
         x64\Debug\NXU_ScaledCopy.obj
         x64\Debug\NXU_schema.obj
         x64\Debug\NXU_SchemaStream.obj
         x64\Debug\NXU_Streaming.obj
         x64\Debug\NXU_string.obj
         x64\Debug\NXU_tinystr.obj
         x64\Debug\NXU_tinyxml.obj
         x64\Debug\NXU_tinyxmlerror.obj
         x64\Debug\NXU_tinyxmlparser.obj
         x64\Debug\cooking.obj
         x64\Debug\Stream.obj
         x64\Debug\main.obj
         SwitchCoordinateSystem.vcxproj -> D:\GraduationWork\Minsik\SwitchCoordinateSystem\x64\Debug\SwitchCoordinateSystem.exe
     1>"D:\GraduationWork\Minsik\SwitchCoordinateSystem\SwitchCoordinateSystem\SwitchCoordinateSystem.vcxproj" 프로젝트를 빌드했습니다(Build 대상).

빌드했습니다.

경과 시간: 00:00:01.18
