빌드 시작: 2017-01-10 오후 5:47:05
     1>2 노드의 "D:\GraduationWork\Minsik\SwitchCoordinateSystem\SwitchCoordinateSystem\SwitchCoordinateSystem.vcxproj" 프로젝트(Build 대상)입니다.
     1>ClCompile:
         C:\Program Files (x86)\Microsoft Visual Studio 14.0\VC\bin\x86_amd64\CL.exe /c /Zi /nologo /W3 /WX- /O2 /Oi /GL /D NDEBUG /D _CONSOLE /D _UNICODE /D UNICODE /Gm- /EHsc /MD /GS /Gy /fp:precise /Zc:wchar_t /Zc:forScope /Zc:inline /Fo"x64\Release\\" /Fd"x64\Release\vc140.pdb" /Gd /TP /errorReport:prompt main.cpp
         main.cpp
     1>main.cpp(264): warning C4996: 'sprintf': This function or variable may be unsafe. Consider using sprintf_s instead. To disable deprecation, use _CRT_SECURE_NO_WARNINGS. See online help for details.
         C:\Program Files (x86)\Windows Kits\10\Include\10.0.10150.0\ucrt\stdio.h(1769): note: 'sprintf' 선언을 참조하십시오.
     1>main.cpp(267): warning C4996: 'sprintf': This function or variable may be unsafe. Consider using sprintf_s instead. To disable deprecation, use _CRT_SECURE_NO_WARNINGS. See online help for details.
         C:\Program Files (x86)\Windows Kits\10\Include\10.0.10150.0\ucrt\stdio.h(1769): note: 'sprintf' 선언을 참조하십시오.
     1>main.cpp(357): warning C4996: 'sprintf': This function or variable may be unsafe. Consider using sprintf_s instead. To disable deprecation, use _CRT_SECURE_NO_WARNINGS. See online help for details.
         C:\Program Files (x86)\Windows Kits\10\Include\10.0.10150.0\ucrt\stdio.h(1769): note: 'sprintf' 선언을 참조하십시오.
     1>main.cpp(389): warning C4996: 'scanf': This function or variable may be unsafe. Consider using scanf_s instead. To disable deprecation, use _CRT_SECURE_NO_WARNINGS. See online help for details.
         C:\Program Files (x86)\Windows Kits\10\Include\10.0.10150.0\ucrt\stdio.h(1270): note: 'scanf' 선언을 참조하십시오.
     1>main.cpp(391): warning C4996: 'scanf': This function or variable may be unsafe. Consider using scanf_s instead. To disable deprecation, use _CRT_SECURE_NO_WARNINGS. See online help for details.
         C:\Program Files (x86)\Windows Kits\10\Include\10.0.10150.0\ucrt\stdio.h(1270): note: 'scanf' 선언을 참조하십시오.
       Link:
         C:\Program Files (x86)\Microsoft Visual Studio 14.0\VC\bin\x86_amd64\link.exe /ERRORREPORT:PROMPT /OUT:"D:\GraduationWork\Minsik\SwitchCoordinateSystem\x64\Release\SwitchCoordinateSystem.exe" /INCREMENTAL:NO /NOLOGO winmm.lib kernel32.lib user32.lib gdi32.lib winspool.lib comdlg32.lib advapi32.lib shell32.lib ole32.lib oleaut32.lib uuid.lib odbc32.lib odbccp32.lib /MANIFEST /MANIFESTUAC:"level='asInvoker' uiAccess='false'" /manifest:embed /Debug /PDB:"D:\GraduationWork\Minsik\SwitchCoordinateSystem\x64\Release\SwitchCoordinateSystem.pdb" /SUBSYSTEM:CONSOLE /OPT:REF /OPT:ICF /LTCG:incremental /TLBID:1 /DYNAMICBASE /NXCOMPAT /IMPLIB:"D:\GraduationWork\Minsik\SwitchCoordinateSystem\x64\Release\SwitchCoordinateSystem.lib" /MACHINE:X64 x64\Release\NXU_Asc2Bin.obj
         x64\Release\NXU_ColladaExport.obj
         x64\Release\NXU_ColladaImport.obj
         x64\Release\NXU_cooking.obj
         x64\Release\NXU_customcopy.obj
         x64\Release\NXU_File.obj
         x64\Release\NXU_Geometry.obj
         x64\Release\NXU_GraphicsMesh.obj
         x64\Release\NXU_helper.obj
         x64\Release\NXU_hull.obj
         x64\Release\NXU_PhysicsExport.obj
         x64\Release\NXU_PhysicsInstantiator.obj
         x64\Release\NXU_ScaledCopy.obj
         x64\Release\NXU_schema.obj
         x64\Release\NXU_SchemaStream.obj
         x64\Release\NXU_Streaming.obj
         x64\Release\NXU_string.obj
         x64\Release\NXU_tinystr.obj
         x64\Release\NXU_tinyxml.obj
         x64\Release\NXU_tinyxmlerror.obj
         x64\Release\NXU_tinyxmlparser.obj
         x64\Release\cooking.obj
         x64\Release\Stream.obj
         x64\Release\main.obj
         코드를 생성하고 있습니다.
         2 of 2997 functions ( 0.1%) were compiled, the rest were copied from previous compilation.
           0 functions were new in current compilation
           0 functions had inline decision re-evaluated but remain unchanged
         코드를 생성했습니다.
         SwitchCoordinateSystem.vcxproj -> D:\GraduationWork\Minsik\SwitchCoordinateSystem\x64\Release\SwitchCoordinateSystem.exe
     1>"D:\GraduationWork\Minsik\SwitchCoordinateSystem\SwitchCoordinateSystem\SwitchCoordinateSystem.vcxproj" 프로젝트를 빌드했습니다(Build 대상).

빌드했습니다.

경과 시간: 00:00:02.14
