빌드 시작: 2016-12-28 오후 10:53:50
     1>2 노드의 "D:\GraduationWork\Minsik\Client_PhysX\GW_Client\Client\Client.vcxproj" 프로젝트(Build 대상)입니다.
     1>ClCompile:
         C:\Program Files (x86)\Microsoft Visual Studio 14.0\VC\bin\x86_amd64\CL.exe /c /I../Executable/ThirdParty/SDKs/Foundation/include /I../Executable/ThirdParty/SDKs/Foundation/include/win /I../Executable/ThirdParty/SDKs/Physics/include /I../Executable/ThirdParty/SDKs/Cooking/include /I../Executable/ThirdParty/SDKs/PhysXLoader/include /I../Executable/ThirdParty/SampleCommonCode/src /I../Executable/ThirdParty/SampleCommonCode/src/win /I../Executable/ThirdParty/SDKs/NxCharacter/include /Zi /nologo /W3 /WX- /O2 /Oi /GL /D NDEBUG /D _WINDOWS /D _MBCS /Gm- /EHsc /MD /GS /Gy /fp:precise /Zc:wchar_t /Zc:forScope /Zc:inline /Yc"stdafx.h" /Fp"x64\Release\Client.pch" /Fo"x64\Release\\" /Fd"x64\Release\vc140.pdb" /Gd /TP /errorReport:prompt stdafx.cpp
         stdafx.cpp
         C:\Program Files (x86)\Microsoft Visual Studio 14.0\VC\bin\x86_amd64\CL.exe /c /I../Executable/ThirdParty/SDKs/Foundation/include /I../Executable/ThirdParty/SDKs/Foundation/include/win /I../Executable/ThirdParty/SDKs/Physics/include /I../Executable/ThirdParty/SDKs/Cooking/include /I../Executable/ThirdParty/SDKs/PhysXLoader/include /I../Executable/ThirdParty/SampleCommonCode/src /I../Executable/ThirdParty/SampleCommonCode/src/win /I../Executable/ThirdParty/SDKs/NxCharacter/include /Zi /nologo /W3 /WX- /O2 /Oi /GL /D NDEBUG /D _WINDOWS /D _MBCS /Gm- /EHsc /MD /GS /Gy /fp:precise /Zc:wchar_t /Zc:forScope /Zc:inline /Yu"stdafx.h" /Fp"x64\Release\Client.pch" /Fo"x64\Release\\" /Fd"x64\Release\vc140.pdb" /Gd /TP /errorReport:prompt Base.cpp Base_Shader.cpp Camera.cpp Camera_Third.cpp Client.cpp Component.cpp Cube.cpp GameObject.cpp GraphicDev.cpp Instancing_Shader.cpp Loader.cpp MainFrm.cpp Mesh.cpp PhysicsManager.cpp Player.cpp Point.cpp Renderer.cpp RenderState.cpp ResourceMgr.cpp Scene.cpp Scene_Logo.cpp Scene_Stage.cpp Shader.cpp ShaderMgr.cpp SingleTexture.cpp Terrain.cpp Texture.cpp Timer.cpp Transform.cpp
         Base.cpp
         Base_Shader.cpp
         Camera.cpp
         Camera_Third.cpp
         Client.cpp
         Component.cpp
         Cube.cpp
         GameObject.cpp
         GraphicDev.cpp
         Instancing_Shader.cpp
         Loader.cpp
         MainFrm.cpp
         Mesh.cpp
         PhysicsManager.cpp
         Player.cpp
         Point.cpp
         Renderer.cpp
         RenderState.cpp
         ResourceMgr.cpp
         Scene.cpp
         컴파일하고 있습니다...
         Scene_Logo.cpp
         Scene_Stage.cpp
         Shader.cpp
         ShaderMgr.cpp
         SingleTexture.cpp
         Terrain.cpp
         Texture.cpp
         Timer.cpp
         Transform.cpp
       ResourceCompile:
         C:\Program Files (x86)\Windows Kits\8.1\bin\x86\rc.exe /l"0x0409" /nologo /fo"x64\Release\Client.res" Client.rc 
       Link:
         C:\Program Files (x86)\Microsoft Visual Studio 14.0\VC\bin\x86_amd64\link.exe /ERRORREPORT:PROMPT /OUT:"../Executable/Client.exe" /INCREMENTAL:NO /NOLOGO /LIBPATH:../Executable/ThirdParty/SDKs/lib/win64 kernel32.lib user32.lib gdi32.lib winspool.lib comdlg32.lib advapi32.lib shell32.lib ole32.lib oleaut32.lib uuid.lib odbc32.lib odbccp32.lib NxCharacter64.lib NxCharacter64CHECKED.lib PhysXCooking64.lib PhysXCooking64CHECKED.lib PhysXCore64.lib PhysXLoader64.lib PhysXLoader64CHECKED.lib winmm.lib kernel32.lib user32.lib gdi32.lib winspool.lib comdlg32.lib advapi32.lib shell32.lib ole32.lib oleaut32.lib uuid.lib odbc32.lib odbccp32.lib /MANIFEST /MANIFESTUAC:"level='asInvoker' uiAccess='false'" /manifest:embed /Debug /PDB:"../Executable/Client.pdb" /SUBSYSTEM:WINDOWS /OPT:REF /OPT:ICF /LTCG:incremental /TLBID:1 /DYNAMICBASE /NXCOMPAT /IMPLIB:"../Executable/Client.lib" /MACHINE:X64 x64\Release\Client.res
         x64\Release\Base.obj
         x64\Release\Base_Shader.obj
         x64\Release\Camera.obj
         x64\Release\Camera_Third.obj
         x64\Release\Client.obj
         x64\Release\Component.obj
         x64\Release\Cube.obj
         x64\Release\GameObject.obj
         x64\Release\GraphicDev.obj
         x64\Release\Instancing_Shader.obj
         x64\Release\Loader.obj
         x64\Release\MainFrm.obj
         x64\Release\Mesh.obj
         x64\Release\PhysicsManager.obj
         x64\Release\Player.obj
         x64\Release\Point.obj
         x64\Release\Renderer.obj
         x64\Release\RenderState.obj
         x64\Release\ResourceMgr.obj
         x64\Release\Scene.obj
         x64\Release\Scene_Logo.obj
         x64\Release\Scene_Stage.obj
         x64\Release\Shader.obj
         x64\Release\ShaderMgr.obj
         x64\Release\SingleTexture.obj
         x64\Release\stdafx.obj
         x64\Release\Terrain.obj
         x64\Release\Texture.obj
         x64\Release\Timer.obj
         x64\Release\Transform.obj
         코드를 생성하고 있습니다.
         509 of 1189 functions (42.8%) were compiled, the rest were copied from previous compilation.
           464 functions were new in current compilation
           7 functions had inline decision re-evaluated but remain unchanged
         코드를 생성했습니다.
         Client.vcxproj -> D:\GraduationWork\Minsik\Client_PhysX\GW_Client\Client\../Executable/Client.exe
     1>"D:\GraduationWork\Minsik\Client_PhysX\GW_Client\Client\Client.vcxproj" 프로젝트를 빌드했습니다(Build 대상).

빌드했습니다.

경과 시간: 00:00:06.40
