빌드 시작: 2017-01-10 오후 10:37:15
     1>2 노드의 "D:\GraduationWork\SM\00 Client\GW_Client\Client\Client.vcxproj" 프로젝트(Build 대상)입니다.
     1>ClCompile:
         C:\Program Files (x86)\Microsoft Visual Studio 14.0\VC\bin\x86_amd64\CL.exe /c /Zi /nologo /W3 /WX- /O2 /Oi /GL /D NDEBUG /D _WINDOWS /D _MBCS /Gm- /EHsc /MD /GS /Gy /fp:precise /Zc:wchar_t /Zc:forScope /Zc:inline /Fo"x64\Release\\" /Fd"x64\Release\vc140.pdb" /Gd /TP /errorReport:prompt PhysicsMgr.cpp
         PhysicsMgr.cpp
     1>PhysicsMgr.cpp(224): warning C4996: 'strcat': This function or variable may be unsafe. Consider using strcat_s instead. To disable deprecation, use _CRT_SECURE_NO_WARNINGS. See online help for details.
         C:\Program Files (x86)\Windows Kits\10\Include\10.0.10150.0\ucrt\string.h(90): note: 'strcat' 선언을 참조하십시오.
     1>PhysicsMgr.cpp(418): warning C4244: '인수': 'Extended'에서 'NxReal'(으)로 변환하면서 데이터가 손실될 수 있습니다.
       Link:
         C:\Program Files (x86)\Microsoft Visual Studio 14.0\VC\bin\x86_amd64\link.exe /ERRORREPORT:PROMPT /OUT:"../Executable/Client.exe" /INCREMENTAL:NO /NOLOGO winmm.lib kernel32.lib user32.lib gdi32.lib winspool.lib comdlg32.lib advapi32.lib shell32.lib ole32.lib oleaut32.lib uuid.lib odbc32.lib odbccp32.lib /MANIFEST /MANIFESTUAC:"level='asInvoker' uiAccess='false'" /manifest:embed /Debug /PDB:"../Executable/Client.pdb" /SUBSYSTEM:WINDOWS /OPT:REF /OPT:ICF /LTCG:incremental /TLBID:1 /DYNAMICBASE /NXCOMPAT /IMPLIB:"../Executable/Client.lib" /MACHINE:X64 x64\Release\Client.res
         x64\Release\NXU_Asc2Bin.obj
         x64\Release\NXU_ColladaExport.obj
         x64\Release\NXU_ColladaImport.obj
         x64\Release\NXU_cooking.obj
         x64\Release\NXU_customcopy.obj
         x64\Release\NXU_File.obj
         x64\Release\NXU_Geometry.obj
         x64\Release\NXU_GraphicsMesh.obj
         x64\Release\NXU_helper.obj
         x64\Release\NXU_hull.obj
         x64\Release\NXU_PhysicsExport.obj
         x64\Release\NXU_PhysicsInstantiator.obj
         x64\Release\NXU_ScaledCopy.obj
         x64\Release\NXU_schema.obj
         x64\Release\NXU_SchemaStream.obj
         x64\Release\NXU_Streaming.obj
         x64\Release\NXU_string.obj
         x64\Release\NXU_tinystr.obj
         x64\Release\NXU_tinyxml.obj
         x64\Release\NXU_tinyxmlerror.obj
         x64\Release\NXU_tinyxmlparser.obj
         x64\Release\cooking.obj
         x64\Release\UserAllocator.obj
         x64\Release\ActorShape.obj
         x64\Release\Base.obj
         x64\Release\Base_Shader.obj
         x64\Release\Camera.obj
         x64\Release\Camera_Dynamic.obj
         x64\Release\Camera_Third.obj
         x64\Release\Client.obj
         x64\Release\Component.obj
         x64\Release\Cube.obj
         x64\Release\GameObject.obj
         x64\Release\GraphicDev.obj
         x64\Release\HitReport.obj
         x64\Release\Instancing_Shader.obj
         x64\Release\Loader.obj
         x64\Release\MainFrm.obj
         x64\Release\Mesh.obj
         x64\Release\PhysicsMgr.obj
         x64\Release\Player.obj
         x64\Release\Point.obj
         x64\Release\Renderer.obj
         x64\Release\RenderState.obj
         x64\Release\ResourceMgr.obj
         x64\Release\Scene.obj
         x64\Release\Scene_Logo.obj
         x64\Release\Scene_Stage.obj
         x64\Release\Shader.obj
         x64\Release\ShaderMgr.obj
         x64\Release\SingleTexture.obj
         x64\Release\stdafx.obj
         x64\Release\Terrain.obj
         x64\Release\Texture.obj
         x64\Release\Timer.obj
         코드를 생성하고 있습니다.
         1 of 3707 functions ( 0.0%) were compiled, the rest were copied from previous compilation.
           0 functions were new in current compilation
           1 functions had inline decision re-evaluated but remain unchanged
         코드를 생성했습니다.
         Client.vcxproj -> D:\GraduationWork\SM\00 Client\GW_Client\Client\../Executable/Client.exe
     1>"D:\GraduationWork\SM\00 Client\GW_Client\Client\Client.vcxproj" 프로젝트를 빌드했습니다(Build 대상).

빌드했습니다.

경과 시간: 00:00:03.33
